<?xml version="1.0" encoding="UTF-8"?>
<testsuite name="com.exa.lang.XalightApplicationTests" time="0.697" tests="33" errors="0" skipped="0" failures="0">
  <properties>
[...]
</properties>
  <testcase name="testStatementFor0" classname="com.exa.lang.XalightApplicationTests" time="0.194"/>
  <testcase name="testStatementFor2" classname="com.exa.lang.XalightApplicationTests" time="0.001"/>
  <testcase name="testStatementFor3" classname="com.exa.lang.XalightApplicationTests" time="0.003"/>
  <testcase name="testStatementFor5" classname="com.exa.lang.XalightApplicationTests" time="0.003"/>
  <testcase name="testStatementName" classname="com.exa.lang.XalightApplicationTests" time="0.011"/>
  <testcase name="testXalRealCase" classname="com.exa.lang.XalightApplicationTests" time="0.03"/>
  <testcase name="testArray" classname="com.exa.lang.XalightApplicationTests" time="0.006"/>
  <testcase name="testInit2" classname="com.exa.lang.XalightApplicationTests" time="0.081"/>
  <testcase name="testInit" classname="com.exa.lang.XalightApplicationTests" time="0.006"/>
  <testcase name="testMisc" classname="com.exa.lang.XalightApplicationTests" time="0.003"/>
  <testcase name="testComputeArray" classname="com.exa.lang.XalightApplicationTests" time="0.011"/>
  <testcase name="testStatementImport" classname="com.exa.lang.XalightApplicationTests" time="0.016"/>
  <testcase name="testXalString" classname="com.exa.lang.XalightApplicationTests" time="0.004"/>
  <testcase name="testXalFileWithComments" classname="com.exa.lang.XalightApplicationTests" time="0.005"/>
  <testcase name="testXalInheritance2" classname="com.exa.lang.XalightApplicationTests" time="0.004"/>
  <testcase name="testXalInheritance5" classname="com.exa.lang.XalightApplicationTests" time="0.003"/>
  <testcase name="testXalInheritance6" classname="com.exa.lang.XalightApplicationTests" time="0.003"/>
  <testcase name="testXalInheritance7" classname="com.exa.lang.XalightApplicationTests" time="0.008"/>
  <testcase name="testXalInheritance8" classname="com.exa.lang.XalightApplicationTests" time="0.008"/>
  <testcase name="testXalInheritance9" classname="com.exa.lang.XalightApplicationTests" time="0.022"/>
  <testcase name="testComputer" classname="com.exa.lang.XalightApplicationTests" time="0.011"/>
  <testcase name="testStatementFor" classname="com.exa.lang.XalightApplicationTests" time="0.021"/>
  <testcase name="testStatementIf2" classname="com.exa.lang.XalightApplicationTests" time="0.012"/>
  <testcase name="testXalInheritance" classname="com.exa.lang.XalightApplicationTests" time="0.005"/>
  <testcase name="testStatementRealCase1" classname="com.exa.lang.XalightApplicationTests" time="0.023"/>
  <testcase name="testStatementRealCase2" classname="com.exa.lang.XalightApplicationTests" time="0.126"/>
  <testcase name="testForArray" classname="com.exa.lang.XalightApplicationTests" time="0.004"/>
  <testcase name="testXalInheritance10" classname="com.exa.lang.XalightApplicationTests" time="0.005"/>
  <testcase name="testStatementIf" classname="com.exa.lang.XalightApplicationTests" time="0.005"/>
  <testcase name="testEscape" classname="com.exa.lang.XalightApplicationTests" time="0"/>
  <testcase name="testDoubleFormuleProperties" classname="com.exa.lang.XalightApplicationTests" time="0.031"/>
  <testcase name="testXalFile" classname="com.exa.lang.XalightApplicationTests" time="0.02"/>
  <testcase name="testStatementRealCase" classname="com.exa.lang.XalightApplicationTests" time="0.012"/>
</testsuite>